{"level":"info","message":"Starting assets export","timestamp":"2021-07-26T20:06:44.407Z"}
{"level":"info","message":"Downloaded volt.jpeg: blt8135640a7378726f successfully!","timestamp":"2021-07-26T20:06:45.096Z"}
{"level":"info","message":"Downloaded audi.jpeg: bltfa58702afd6a4fa9 successfully!","timestamp":"2021-07-26T20:06:45.103Z"}
{"level":"info","message":"Downloaded audi.jpeg: bltee045aa308cf867b successfully!","timestamp":"2021-07-26T20:06:45.111Z"}
{"level":"info","message":"Downloaded audi.jpeg: blt739cc905844bb796 successfully!","timestamp":"2021-07-26T20:06:45.116Z"}
{"level":"info","message":"Downloaded volt.jpeg: blta700f8c96ce2048d successfully!","timestamp":"2021-07-26T20:06:45.119Z"}
{"level":"info","message":"Downloaded porsche-taycan.jpg: blteda0bfdd5aa11971 successfully!","timestamp":"2021-07-26T20:06:45.386Z"}
{"level":"info","message":"Downloaded bmw-i8-black.jpg: blt39a61c980ce36e8e successfully!","timestamp":"2021-07-26T20:06:45.451Z"}
{"level":"info","message":"Downloaded porsche-taycan-2.jpg: blt7ac0fb22ac1258d2 successfully!","timestamp":"2021-07-26T20:06:45.460Z"}
{"level":"info","message":"Downloaded lucid-air-blk.jpg: blt01abe9c953b3f2a7 successfully!","timestamp":"2021-07-26T20:06:45.923Z"}
{"level":"info","message":"Downloaded nissan-leaf-silver.jpg: blt4a4ebe86c93e063f successfully!","timestamp":"2021-07-26T20:06:45.930Z"}
{"level":"info","message":"Downloaded lucid-air.jpg: bltc470c0a0d46feeb3 successfully!","timestamp":"2021-07-26T20:06:45.949Z"}
{"level":"info","message":"Downloaded red-tesla-s.jpg: blt24f36470f89beda7 successfully!","timestamp":"2021-07-26T20:06:45.986Z"}
{"level":"info","message":"Downloaded bmw-i8.jpg: blt2144a666ce95c879 successfully!","timestamp":"2021-07-26T20:06:46.000Z"}
{"level":"info","message":"Downloaded evtrader-logo.png: blt4585c7e2b244b118 successfully!","timestamp":"2021-07-26T20:06:46.178Z"}
{"level":"info","message":"Downloaded hyundai.jpeg: blt4407a34675e24842 successfully!","timestamp":"2021-07-26T20:06:46.327Z"}
{"level":"info","message":"Downloaded ford-mach-e.jpg: blt4607de2b510a78ff successfully!","timestamp":"2021-07-26T20:06:46.346Z"}
{"level":"info","message":"Downloaded Aptera_Sol4.png: blt9f57b36c2355faf6 successfully!","timestamp":"2021-07-26T20:06:46.369Z"}
{"level":"info","message":"Downloaded aptera.png: bltbf86fa2dc20506f9 successfully!","timestamp":"2021-07-26T20:06:46.380Z"}
{"level":"info","message":"Downloaded volt.jpeg: blteeb8dfdcbf60d0fc successfully!","timestamp":"2021-07-26T20:06:46.641Z"}
{"level":"info","message":"Downloaded volt.jpeg: blt5c8770fba3641a33 successfully!","timestamp":"2021-07-26T20:06:46.920Z"}
{"level":"info","message":"Batch no 1 of assets is complete","timestamp":"2021-07-26T20:06:46.920Z"}
{"level":"info","message":"Downloaded white-tesla.jpg: blt64f31e02b6835bb4 successfully!","timestamp":"2021-07-26T20:06:47.463Z"}
{"level":"info","message":"Batch no 21 of assets is complete","timestamp":"2021-07-26T20:06:47.464Z"}
{"level":"info","message":"Asset-folders have been successfully exported!","timestamp":"2021-07-26T20:06:47.860Z"}
{"level":"info","message":"\u001b[32mAsset export completed successfully\u001b[39m","timestamp":"2021-07-26T20:06:47.860Z"}
{"level":"info","message":"Starting locale export","timestamp":"2021-07-26T20:06:47.864Z"}
{"level":"info","message":"Starting environment export","timestamp":"2021-07-26T20:06:48.032Z"}
{"level":"info","message":"No languages found except the master language","timestamp":"2021-07-26T20:06:48.030Z"}
{"level":"info","message":"\u001b[32mAll the environments have been exported successfully\u001b[39m","timestamp":"2021-07-26T20:06:48.200Z"}
{"level":"info","message":"Starting extension export","timestamp":"2021-07-26T20:06:48.205Z"}
{"level":"info","message":"Starting webhooks export","timestamp":"2021-07-26T20:06:48.407Z"}
{"level":"info","message":"No extensions found","timestamp":"2021-07-26T20:06:48.406Z"}
{"level":"info","message":"Starting Global Fields export","timestamp":"2021-07-26T20:06:48.626Z"}
{"level":"info","message":"\u001b[32mAll the webhooks have been exported successfully\u001b[39m","timestamp":"2021-07-26T20:06:48.619Z"}
{"level":"info","message":"No global fields found","timestamp":"2021-07-26T20:06:48.823Z"}
{"level":"info","message":"Starting content type export","timestamp":"2021-07-26T20:06:48.827Z"}
{"level":"info","message":"\u001b[32mContent type(s) exported successfully\u001b[39m","timestamp":"2021-07-26T20:06:49.019Z"}
{"level":"info","message":"Starting workflow export","timestamp":"2021-07-26T20:06:49.021Z"}
{"level":"info","message":"No workflow were found in the Stack","timestamp":"2021-07-26T20:06:49.209Z"}
{"level":"info","message":"Starting entry migration","timestamp":"2021-07-26T20:06:49.213Z"}
{"level":"info","message":"Exported entries of assets to the en-us language successfully","timestamp":"2021-07-26T20:06:49.632Z"}
{"level":"info","message":"Exported entries of copy_of_vehicle_listing to the en-us language successfully","timestamp":"2021-07-26T20:06:50.088Z"}
{"level":"info","message":"Exported entries of category to the en-us language successfully","timestamp":"2021-07-26T20:06:50.552Z"}
{"level":"info","message":"Exported entries of header to the en-us language successfully","timestamp":"2021-07-26T20:06:50.924Z"}
{"level":"info","message":"Entry migration completed successfully","timestamp":"2021-07-26T20:06:50.925Z"}
{"level":"info","message":"Starting labels export","timestamp":"2021-07-26T20:06:50.930Z"}
{"level":"info","message":"No labels found","timestamp":"2021-07-26T20:06:51.133Z"}
{"level":"info","message":"\u001b[32mThe content of the blt54c8c0f2c2a9678f has been exported succesfully!\u001b[39m","timestamp":"2021-07-26T20:06:51.133Z"}
{"level":"info","message":"The log for this is stored at interns/evtrader/logs/export","timestamp":"2021-07-26T20:06:51.134Z"}
